Change Component Designator: OldDesignator=C1 NewDesignator=C1-2.2u
Change Component Designator: OldDesignator=C2 NewDesignator=C2 - 0.1u
Change Component Designator: OldDesignator=C4 NewDesignator=C4-0.1u
Change Component Designator: OldDesignator=C5 NewDesignator=C5-47p
Change Component Designator: OldDesignator=C6 NewDesignator=C6-4.7n
Change Component Designator: OldDesignator=D1 NewDesignator=D?
Change Component Designator: OldDesignator=J1 NewDesignator=J?
Change Component Designator: OldDesignator=J2 NewDesignator=J?
Change Component Designator: OldDesignator=LTC NewDesignator=IC?
Change Component Designator: OldDesignator=R2 NewDesignator=R2_15.4k
Change Component Designator: OldDesignator=R_A NewDesignator=R_A-40k2
Change Component Designator: OldDesignator=R_B NewDesignator=R_B-10k
Added Component: Designator=R1(RESC2013X50X30LL20T20)
Add component (AddParameter): Name = "Manufacturer"; Value = "Vishay Dale"; VariantName = "[No Variations]"
Add component (AddParameter): Name = "Part Number"; Value = "CRCW08050000Z0EA"; VariantName = "[No Variations]"
Added Pin To Net: NetName=NetIC?_11 Pin=IC?-11
Added Pin To Net: NetName=NetIC?_11 Pin=R1-2
Added Net: Name=NetIC?_11
Added Member To Class: ClassName=buckconverter_sheet Member=Component J? 1725656
Added Member To Class: ClassName=buckconverter_sheet Member=Component R1 CRCW08050000Z0EA
