Removed Pin From Net: NetName=GND Pin=C3-22u-2
Removed Member From Class: ClassName=buckconverter_sheet Member=C3-22u
Added Component: Designator=C1 - 0.1u(FP-C0805C-DN-MFG)
Add component (AddParameter): Name = "Automotive"; Value = "No"; VariantName = "[No Variations]"
Add component (AddParameter): Name = "Capacitance"; Value = "100 pF"; VariantName = "[No Variations]"
Add component (AddParameter): Name = "Category"; Value = "Cap"; VariantName = "[No Variations]"
Add component (AddParameter): Name = "ComponentLink2Description"; Value = "Datasheet"; VariantName = "[No Variations]"
Add component (AddParameter): Name = "ComponentLink2URL"; Value = "https://content.kemet.com/datasheets/KEM_C1003_C0G_SMD.pdf"; VariantName = "[No Variations]"
Add component (AddParameter): Name = "Device Class L1"; Value = "Passive Components"; VariantName = "[No Variations]"
Add component (AddParameter): Name = "Device Class L2"; Value = "Capacitors"; VariantName = "[No Variations]"
Add component (AddParameter): Name = "Device Class L3"; Value = "Ceramic Capacitors"; VariantName = "[No Variations]"
Add component (AddParameter): Name = "Height"; Value = "0.88mm"; VariantName = "[No Variations]"
Add component (AddParameter): Name = "Ipc Land Pattern Name"; Value = "CAPC200125X78"; VariantName = "[No Variations]"
Add component (AddParameter): Name = "Lead Free"; Value = "Yes"; VariantName = "[No Variations]"
Add component (AddParameter): Name = "Manufacturer"; Value = "KEMET"; VariantName = "[No Variations]"
Add component (AddParameter): Name = "Manufacturer Part Number"; Value = "C0805C101J5GAC"; VariantName = "[No Variations]"
Add component (AddParameter): Name = "Material"; Value = "Ceramic"; VariantName = "[No Variations]"
Add component (AddParameter): Name = "Mouser Description"; Value = "Cap Ceramic 100pF 50V C0G 5% Pad SMD 0805 125C Bulk"; VariantName = "[No Variations]"
Add component (AddParameter): Name = "Octopart"; Value = "https://octopart.com/c0805c101j5gac-kemet-1325415"; VariantName = "[No Variations]"
Add component (AddParameter): Name = "Package"; Value = "C0805C-DN"; VariantName = "[No Variations]"
Add component (AddParameter): Name = "RoHS"; Value = "TRUE"; VariantName = "[No Variations]"
Add component (AddParameter): Name = "Temperature"; Value = "-55°C to +125°C"; VariantName = "[No Variations]"
Add component (AddParameter): Name = "Temperature Characteristic"; Value = "C0G"; VariantName = "[No Variations]"
Add component (AddParameter): Name = "Temperature Coefficient"; Value = "30ppm/°C"; VariantName = "[No Variations]"
Add component (AddParameter): Name = "Temperature Range High"; Value = "+125°C"; VariantName = "[No Variations]"
Add component (AddParameter): Name = "Temperature Range Low"; Value = "-55°C"; VariantName = "[No Variations]"
Add component (AddParameter): Name = "Tolerance"; Value = "0.05"; VariantName = "[No Variations]"
Add component (AddParameter): Name = "Value"; Value = "100 pF"; VariantName = "[No Variations]"
Add component (AddParameter): Name = "Voltage Rating"; Value = "50 V"; VariantName = "[No Variations]"
Added Component: Designator=C3(CAPPM7343X200N)
Add component (AddParameter): Name = "Arrow Part Number"; Value = ""; VariantName = "[No Variations]"
Add component (AddParameter): Name = "Arrow Price/Stock"; Value = ""; VariantName = "[No Variations]"
Add component (AddParameter): Name = "Datasheet Link"; Value = "https://search.kemet.com/component-documentation/download/specsheet/A700V226M016ATE018"; VariantName = "[No Variations]"
Add component (AddParameter): Name = "Height"; Value = "2mm"; VariantName = "[No Variations]"
Add component (AddParameter): Name = "Manufacturer_Name"; Value = "KEMET"; VariantName = "[No Variations]"
Add component (AddParameter): Name = "Manufacturer_Part_Number"; Value = "A700V226M016ATE018"; VariantName = "[No Variations]"
Add component (AddParameter): Name = "Mouser Part Number"; Value = "80-A700V226M016ATE18"; VariantName = "[No Variations]"
Add component (AddParameter): Name = "Mouser Price/Stock"; Value = "https://www.mouser.co.uk/ProductDetail/KEMET/A700V226M016ATE018?qs=zW32dvEIR3sI4j9Rx3S6Zg%3D%3D"; VariantName = "[No Variations]"
Added Component: Designator=Cout(CAPPRD500W60D1000H1400)
Add component (AddParameter): Name = "Arrow Part Number"; Value = ""; VariantName = "[No Variations]"
Add component (AddParameter): Name = "Arrow Price/Stock"; Value = ""; VariantName = "[No Variations]"
Add component (AddParameter): Name = "Datasheet Link"; Value = "https://no.mouser.com/datasheet/2/293/e_rr7-1919103.pdf"; VariantName = "[No Variations]"
Add component (AddParameter): Name = "Height"; Value = "14mm"; VariantName = "[No Variations]"
Add component (AddParameter): Name = "Manufacturer_Name"; Value = "Nichicon"; VariantName = "[No Variations]"
Add component (AddParameter): Name = "Manufacturer_Part_Number"; Value = "RR71A221MDN1PH"; VariantName = "[No Variations]"
Add component (AddParameter): Name = "Mouser Part Number"; Value = "647-RR71A221MDN1PH"; VariantName = "[No Variations]"
Add component (AddParameter): Name = "Mouser Price/Stock"; Value = "https://www.mouser.co.uk/ProductDetail/Nichicon/RR71A221MDN1PH?qs=JgOBn5pVFoqscRXN9wfnRw%3D%3D"; VariantName = "[No Variations]"
Added Pin To Net: NetName=GND Pin=C1 - 0.1u-1
Added Pin To Net: NetName=NetC2_1 Pin=C1 - 0.1u-2
Added Pin To Net: NetName=GND Pin=C1-2.2u-2
Added Pin To Net: NetName=GND Pin=C3-1
Added Pin To Net: NetName=GND Pin=C3-2
Added Pin To Net: NetName=GND Pin=Cout-1
Added Pin To Net: NetName=Net_2 Pin=Cout-2
Added Pin To Net: NetName=GND Pin=D?-1
Added Pin To Net: NetName=GND Pin=D?-2
Added Pin To Net: NetName=GND Pin=IC?-13
Added Pin To Net: NetName=GND Pin=IC?-16
Added Pin To Net: NetName=GND Pin=IC?-19
Added Pin To Net: NetName=GND Pin=J?-1
Add Pin To Net: Unknown Pin: Pin L1-1
Add Pin To Net: Unknown Pin: Pin L1-2
Added Pin To Net: NetName=Net_2 Pin=Q?-1
Added Pin To Net: NetName=Net_2 Pin=Q?-2
Added Pin To Net: NetName=Net_2 Pin=Q?-3
Added Pin To Net: NetName=GND Pin=Q?-5
Added Pin To Net: NetName=GND Pin=Q?-5
Added Pin To Net: NetName=GND Pin=Q?-6
Added Pin To Net: NetName=GND Pin=Q?-6
Added Pin To Net: NetName=GND Pin=Q?-7
Added Pin To Net: NetName=GND Pin=Q?-7
Added Pin To Net: NetName=GND Pin=Q?-8
Added Pin To Net: NetName=GND Pin=Q?-8
Change Net Name : Old Net Name=Net_2 New Net Name=NetCout_2
Change Net Name : Old Net Name=NetC2_1 New Net Name=NetC1 - 0.1u_2
Added Member To Class: ClassName=buckconverter_sheet Member=Component C1 - 0.1u C0805C101J5GAC
Added Member To Class: ClassName=buckconverter_sheet Member=Component C3 A700V226M016ATE018
Added Member To Class: ClassName=buckconverter_sheet Member=Component Cout RR71A221MDN1PH
Added Member To Class: ClassName=buckconverter_sheet Member=Component J? 1725656
Add Class Member: Failed to add class member : Component L1 Inductor
Added Member To Class: ClassName=buckconverter_sheet Member=Component Q? IRF7413PBF
