Add Component: Footprint Not Found RESC6432X90N
Add Pin To Net: Unknown Pin: Pin C1-1
Add Pin To Net: Unknown Pin: Pin C1-2
Add Pin To Net: Unknown Pin: Pin C2-1
Add Pin To Net: Unknown Pin: Pin C2-2
Add Pin To Net: Unknown Pin: Pin C3-1
Add Pin To Net: Unknown Pin: Pin C3-2
Add Pin To Net: Unknown Pin: Pin C4-1
Add Pin To Net: Unknown Pin: Pin C4-2
Add Pin To Net: Unknown Pin: Pin C5-1
Add Pin To Net: Unknown Pin: Pin C5-2
Add Pin To Net: Unknown Pin: Pin C6-1
Add Pin To Net: Unknown Pin: Pin C6-2
Add Pin To Net: Unknown Pin: Pin C8-1
Add Pin To Net: Unknown Pin: Pin C8-2
Add Pin To Net: Unknown Pin: Pin D2-1
Add Pin To Net: Unknown Pin: Pin D2-2
Add Pin To Net: Unknown Pin: Pin L1-1
Add Pin To Net: Unknown Pin: Pin L1-2
Add Pin To Net: Unknown Pin: Pin M1-1
Add Pin To Net: Unknown Pin: Pin M1-2
Add Pin To Net: Unknown Pin: Pin M1-3
Add Pin To Net: Unknown Pin: Pin M1-4
Add Pin To Net: Unknown Pin: Pin M2-1
Add Pin To Net: Unknown Pin: Pin M2-2
Add Pin To Net: Unknown Pin: Pin M2-3
Add Pin To Net: Unknown Pin: Pin M2-4
Add Pin To Net: Unknown Pin: Pin R2-1
Add Pin To Net: Unknown Pin: Pin R7(LOAD)-1
Add Pin To Net: Unknown Pin: Pin R7(LOAD)-2
Add Pin To Net: Unknown Pin: Pin R_A(R6)-1
Add Pin To Net: Unknown Pin: Pin R_A(R6)-2
Add Pin To Net: Unknown Pin: Pin R_B(R5)-1
Add Pin To Net: Unknown Pin: Pin R_B(R5)-2
Add Pin To Net: Unknown Pin: Pin V1-1
Add Pin To Net: Unknown Pin: Pin V1-2
Add Pin To Net: Unknown Pin: Pin X?-1
Add Pin To Net: Unknown Pin: Pin X?-2
Add Class Member: Failed to add class member : Component C1 Capacitor
Add Class Member: Failed to add class member : Component C2 Capacitor
Add Class Member: Failed to add class member : Component C3 Capacitor
Add Class Member: Failed to add class member : Component C4 Capacitor
Add Class Member: Failed to add class member : Component C5 Capacitor
Add Class Member: Failed to add class member : Component C6 Capacitor
Add Class Member: Failed to add class member : Component C8 Capacitor
Add Class Member: Failed to add class member : Component D2 Zener Diode
Add Class Member: Failed to add class member : Component L1 Inductor
Add Class Member: Failed to add class member : Component M1 N-channel MOS1 MOSFET Shichman and Hodges Model
Add Class Member: Failed to add class member : Component M2 N-channel MOS1 MOSFET Shichman and Hodges Model
Add Class Member: Failed to add class member : Component R2 Resistor
Add Class Member: Failed to add class member : Component R7(LOAD) Resistor
Add Class Member: Failed to add class member : Component R_A(R6) Resistor
Add Class Member: Failed to add class member : Component R_B(R5) Resistor
Add Class Member: Failed to add class member : Component V1 Constant Voltage Source
Add Class Member: Failed to add class member : Component X? CRE2512-FZ-R008E-3
